[38;5;112m[Appium][0m Welcome to Appium v3.1.0
[38;5;112m[Appium][0m Non-default server args:
[38;5;112m[Appium][0m { basePath: [32m'/wd/hub'[39m, loglevel: [32m'info'[39m, port: [33m58689[39m }
[38;5;112m[Appium][0m Attempting to load driver uiautomator2...
[38;5;112m[Appium][0m Appium REST http interface listener started on http://0.0.0.0:58689/wd/hub
[38;5;112m[Appium][0m You can provide the following URLs in your client code to connect to this server:
	http://192.168.0.48:58689/wd/hub
	http://127.0.0.1:58689/wd/hub (only accessible from the same host)
[38;5;112m[Appium][0m Available drivers:
[38;5;112m[Appium][0m   - uiautomator2@6.1.0 (automationName 'UiAutomator2')
[38;5;112m[Appium][0m No plugins have been installed. Use the "appium plugin" command to install the one(s) you want to use.
[38;5;86m[HTTP][0m [37m-->[39m [37mGET[39m [37m/wd/hub/status[39m [90m[39m
[38;5;86m[HTTP][0m [37m<-- GET /wd/hub/status [39m[32m200[39m [90m6 ms - 110[39m [90m[39m
[38;5;86m[HTTP][0m [37m-->[39m [37mPOST[39m [37m/wd/hub/session[39m [90m{"capabilities":{"firstMatch":[{"appium:autoGrantPermissions":true,"appium:automationName":"uiautomator2","appium:deviceName":"samsung SM-F966U (Android 16)","appium:newCommandTimeout":1800,"appium:platformVersion":"16","appium:systemPort":8290,"appium:udid":"R3CY30PBS0K","platformName":"ANDROID"}]},"desiredCapabilities":{"appium:autoGrantPermissions":true,"appium:automationName":"uiautomator2","appium:deviceName":"samsung SM-F966U (Android 16)","appium:newCommandTimeout":1800,"appium:platformVersion":"16","appium:systemPort":8290,"appium:udid":"R3CY30PBS0K","platformName":"ANDROID"}}[39m
[38;5;123m[BaseDriver][0m The following arguments are not known and will be ignored: desiredCapabilities
[38;5;112m[Appium][0m Attempting to find matching driver for automationName 'uiautomator2' and platformName 'ANDROID'
[38;5;112m[Appium][0m The 'uiautomator2' driver was installed and matched caps.
[38;5;112m[Appium][0m Will require it at C:\Users\SRV\.appium\node_modules\appium-uiautomator2-driver
[38;5;229m[AppiumDriver@0a20][0m Appium v3.1.0 creating new AndroidUiautomator2Driver (v6.1.0) session
[38;5;229m[AppiumDriver@0a20][0m Checking BaseDriver versions for Appium and AndroidUiautomator2Driver
[38;5;229m[AppiumDriver@0a20][0m Appium's BaseDriver version is 10.1.0
[38;5;229m[AppiumDriver@0a20][0m AndroidUiautomator2Driver's BaseDriver version is 10.1.0
[38;5;65m[497444c8][0m[38;5;-55m[AndroidUiautomator2Driver@3a48][0m Session created with session id: 497444c8-c661-47a6-abc4-4848983e8b87
[38;5;65m[497444c8][0m[38;5;229m[ADB][0m Found 1 'build-tools' folders under 'C:\Users\SRV\.katalon\tools\android_sdk' (newest first):
[38;5;65m[497444c8][0m[38;5;229m[ADB][0m     C:\Users\SRV\.katalon\tools\android_sdk\build-tools\29.0.3
[38;5;65m[497444c8][0m[38;5;229m[ADB][0m Using 'adb.exe' from 'C:\Users\SRV\.katalon\tools\android_sdk\platform-tools\adb.exe'
[38;5;65m[497444c8][0m[38;5;-55m[AndroidUiautomator2Driver@3a48][0m Retrieving device list
[38;5;65m[497444c8][0m[38;5;-55m[AndroidUiautomator2Driver@3a48][0m Using device: R3CY30PBS0K
[38;5;65m[497444c8][0m[38;5;229m[ADB][0m Using 'adb.exe' from 'C:\Users\SRV\.katalon\tools\android_sdk\platform-tools\adb.exe'
[38;5;65m[497444c8][0m[38;5;-55m[AndroidUiautomator2Driver@3a48][0m Neither 'app' nor 'appPackage' was set. Starting UiAutomator2 without the target application
[38;5;65m[497444c8][0m[38;5;229m[ADB][0m Getting device platform version
[38;5;65m[497444c8][0m[38;5;-55m[AndroidUiautomator2Driver@3a48][0m Relaxing hidden api policy
[38;5;65m[497444c8][0m[38;5;229m[ADB][0m Using 'aapt2.exe' from 'C:\Users\SRV\.katalon\tools\android_sdk\build-tools\29.0.3\aapt2.exe'
[38;5;65m[497444c8][0m[38;5;-55m[AndroidUiautomator2Driver@3a48][0m Server packages are not going to be (re)installed
[38;5;65m[497444c8][0m[38;5;229m[ADB][0m Adding packages ["io.appium.settings","io.appium.uiautomator2.server","io.appium.uiautomator2.server.test"] to Doze whitelist
[38;5;65m[497444c8][0m[38;5;-55m[AndroidUiautomator2Driver@3a48][0m Starting UIAutomator2 server 9.1.1
[38;5;65m[497444c8][0m[38;5;-55m[AndroidUiautomator2Driver@3a48][0m Using UIAutomator2 server from 'C:\Users\SRV\.appium\node_modules\appium-uiautomator2-driver\node_modules\appium-uiautomator2-server\apks\appium-uiautomator2-server-v9.1.1.apk' and test from 'C:\Users\SRV\.appium\node_modules\appium-uiautomator2-driver\node_modules\appium-uiautomator2-server\apks\appium-uiautomator2-server-debug-androidTest.apk'
[38;5;65m[497444c8][0m[38;5;-55m[AndroidUiautomator2Driver@3a48][0m Waiting up to 30000ms for UiAutomator2 to be online...
[38;5;65m[497444c8][0m[38;5;-55m[AndroidUiautomator2Driver@3a48][0m socket hang up
[38;5;86m[HTTP][0m [37m<-- POST /wd/hub/session [39m[32m-[39m [90m- ms - -[39m [90m[39m
[38;5;65m[497444c8][0m[38;5;-55m[AndroidUiautomator2Driver@3a48][0m Determined the downstream protocol as 'W3C'
[38;5;65m[497444c8][0m[38;5;-55m[AndroidUiautomator2Driver@3a48][0m Neither 'unlockType' nor 'unlockKey' capability is provided. Assuming the device is locked with a simple lock screen.
[38;5;65m[497444c8][0m[38;5;229m[ADB][0m Waking up the device to dismiss the keyguard
[38;5;65m[497444c8][0m[38;5;229m[AppiumDriver@0a20][0m New AndroidUiautomator2Driver session created successfully, session 497444c8-c661-47a6-abc4-4848983e8b87 added to master session list
[38;5;65m[497444c8][0m[38;5;-55m[AndroidUiautomator2Driver@3a48][0m Shutting down because we waited 1800 seconds for a command
[38;5;65m[497444c8][0m[38;5;229m[AppiumDriver@0a20][0m Ending session, cause was 'New Command Timeout of 1800 seconds expired. Try customizing the timeout using the 'newCommandTimeout' desired capability'
[38;5;65m[497444c8][0m[38;5;229m[AppiumDriver@0a20][0m Removing session '497444c8-c661-47a6-abc4-4848983e8b87' from our master session list
[38;5;65m[497444c8][0m[38;5;-55m[AndroidUiautomator2Driver@3a48][0m Did not get the confirmation of UiAutomator2 server session deletion. Original error: 'DELETE /' cannot be proxied to UiAutomator2 server because the instrumentation process is not running (probably crashed). Check the server log and/or the logcat output for more details
[38;5;65m[497444c8][0m[38;5;-55m[AndroidUiautomator2Driver@3a48][0m Restoring hidden api policy to the device default configuration
